c:\users\hashir rauf\desktop\e8_tessellation\e8_tessellation\x64\debug\vc143.pdb
c:\users\hashir rauf\desktop\e8_tessellation\e8_tessellation\x64\debug\vc143.idb
c:\users\hashir rauf\desktop\e8_tessellation\e8_tessellation\x64\debug\textureshader.obj
c:\users\hashir rauf\desktop\e8_tessellation\e8_tessellation\x64\debug\tessellationshader.obj
c:\users\hashir rauf\desktop\e8_tessellation\e8_tessellation\x64\debug\selectivegreyscaleshader.obj
c:\users\hashir rauf\desktop\e8_tessellation\e8_tessellation\x64\debug\main.obj
c:\users\hashir rauf\desktop\e8_tessellation\e8_tessellation\x64\debug\lab7app.obj
c:\users\hashir rauf\desktop\e8_tessellation\e8_tessellation\x64\debug\kernelshader.obj
c:\users\hashir rauf\desktop\e8_tessellation\e8_tessellation\x64\debug\gaussianblurshader.obj
c:\users\hashir rauf\desktop\e8_tessellation\e8_tessellation\x64\debug\directionalblurshader.obj
c:\users\hashir rauf\desktop\e8_tessellation\e8_tessellation\x64\debug\boxblurshader.obj
c:\users\hashir rauf\desktop\e8_tessellation\e8_tessellation\x64\debug\app1.obj
c:\users\hashir rauf\desktop\e8_tessellation\e8_tessellation\tessellation_ds.cso
c:\users\hashir rauf\desktop\e8_tessellation\e8_tessellation\tessellation_hs.cso
c:\users\hashir rauf\desktop\e8_tessellation\e8_tessellation\tessellation_ps.cso
c:\users\hashir rauf\desktop\e8_tessellation\e8_tessellation\tessellation_vs.cso
c:\users\hashir rauf\desktop\e8_tessellation\e8_tessellation\boxblur_ps.cso
c:\users\hashir rauf\desktop\e8_tessellation\e8_tessellation\directional_blur_ps.cso
c:\users\hashir rauf\desktop\e8_tessellation\e8_tessellation\gaussian_vertical_ps.cso
c:\users\hashir rauf\desktop\e8_tessellation\e8_tessellation\selective_greyscale_ps.cso
c:\users\hashir rauf\desktop\e8_tessellation\e8_tessellation\texture_ps.cso
c:\users\hashir rauf\desktop\e8_tessellation\e8_tessellation\texture_vs.cso
c:\users\hashir rauf\desktop\e8_tessellation\e8_tessellation\kernel_ps.cso
c:\users\hashir rauf\desktop\e8_tessellation\e8_tessellation\gaussian_horizontal_ps.cso
c:\users\hashir rauf\desktop\e8_tessellation\x64\debug\e8_tessellation.exe
c:\users\hashir rauf\desktop\e8_tessellation\x64\debug\e8_tessellation.pdb
c:\users\hashir rauf\desktop\e8_tessellation\e8_tessellation\x64\debug\e8_tessellation.ilk
c:\users\hashir rauf\desktop\e8_tessellation\e8_tessellation\x64\debug\e8_tessellation.tlog\cl.command.1.tlog
c:\users\hashir rauf\desktop\e8_tessellation\e8_tessellation\x64\debug\e8_tessellation.tlog\cl.items.tlog
c:\users\hashir rauf\desktop\e8_tessellation\e8_tessellation\x64\debug\e8_tessellation.tlog\cl.read.1.tlog
c:\users\hashir rauf\desktop\e8_tessellation\e8_tessellation\x64\debug\e8_tessellation.tlog\cl.write.1.tlog
c:\users\hashir rauf\desktop\e8_tessellation\e8_tessellation\x64\debug\e8_tessellation.tlog\fxc.command.1.tlog
c:\users\hashir rauf\desktop\e8_tessellation\e8_tessellation\x64\debug\e8_tessellation.tlog\fxc.read.1.tlog
c:\users\hashir rauf\desktop\e8_tessellation\e8_tessellation\x64\debug\e8_tessellation.tlog\fxc.write.1.tlog
c:\users\hashir rauf\desktop\e8_tessellation\e8_tessellation\x64\debug\e8_tessellation.tlog\link.command.1.tlog
c:\users\hashir rauf\desktop\e8_tessellation\e8_tessellation\x64\debug\e8_tessellation.tlog\link.read.1.tlog
c:\users\hashir rauf\desktop\e8_tessellation\e8_tessellation\x64\debug\e8_tessellation.tlog\link.secondary.1.tlog
c:\users\hashir rauf\desktop\e8_tessellation\e8_tessellation\x64\debug\e8_tessellation.tlog\link.write.1.tlog
